Build started 15-01-2021 19:48:21.
     1>Project "D:\VS_10_Programs\HMM\HMM\HMM.vcxproj" on node 2 (build target(s)).
     1>InitializeBuildStatus:
         Creating "Debug\HMM.unsuccessfulbuild" because "AlwaysCreate" was specified.
       ClCompile:
         All outputs are up-to-date.
         C:\Program Files (x86)\Microsoft Visual Studio 10.0\VC\bin\CL.exe /c /ZI /nologo /W3 /WX- /Od /Oy- /D WIN32 /D _DEBUG /D _CONSOLE /D _UNICODE /D UNICODE /Gm /EHsc /RTC1 /MDd /GS /fp:precise /Zc:wchar_t /Zc:forScope /Yu"StdAfx.h" /Fp"Debug\HMM.pch" /Fo"Debug\\" /Fd"Debug\vc100.pdb" /Gd /TP /analyze- /errorReport:prompt HMM.cpp
         HMM.cpp
     1>d:\vs_10_programs\hmm\hmm\hmm.cpp(343): warning C4244: 'argument' : conversion from '__int64' to 'unsigned int', possible loss of data
     1>d:\vs_10_programs\hmm\hmm\hmm.cpp(355): warning C4018: '<' : signed/unsigned mismatch
     1>d:\vs_10_programs\hmm\hmm\hmm.cpp(378): warning C4244: 'argument' : conversion from '__int64' to 'unsigned int', possible loss of data
     1>d:\vs_10_programs\hmm\hmm\hmm.cpp(378): warning C4244: 'argument' : conversion from '__int64' to 'unsigned int', possible loss of data
     1>d:\vs_10_programs\hmm\hmm\hmm.cpp(385): warning C4244: 'argument' : conversion from '__int64' to 'unsigned int', possible loss of data
     1>d:\vs_10_programs\hmm\hmm\hmm.cpp(385): warning C4244: 'argument' : conversion from '__int64' to 'unsigned int', possible loss of data
     1>d:\vs_10_programs\hmm\hmm\hmm.cpp(557): warning C4018: '<' : signed/unsigned mismatch
     1>d:\vs_10_programs\hmm\hmm\hmm.cpp(710): warning C4018: '<' : signed/unsigned mismatch
     1>d:\vs_10_programs\hmm\hmm\hmm.cpp(717): warning C4018: '<' : signed/unsigned mismatch
     1>d:\vs_10_programs\hmm\hmm\hmm.cpp(762): warning C4244: 'argument' : conversion from 'unsigned __int64' to 'unsigned int', possible loss of data
     1>d:\vs_10_programs\hmm\hmm\hmm.cpp(762): warning C4244: 'argument' : conversion from 'unsigned __int64' to 'unsigned int', possible loss of data
     1>d:\vs_10_programs\hmm\hmm\hmm.cpp(770): warning C4244: 'argument' : conversion from '__int64' to 'unsigned int', possible loss of data
     1>d:\vs_10_programs\hmm\hmm\hmm.cpp(771): warning C4244: 'argument' : conversion from '__int64' to 'unsigned int', possible loss of data
     1>d:\vs_10_programs\hmm\hmm\hmm.cpp(773): warning C4018: '<' : signed/unsigned mismatch
     1>d:\vs_10_programs\hmm\hmm\hmm.cpp(775): warning C4244: 'argument' : conversion from '__int64' to 'unsigned int', possible loss of data
     1>d:\vs_10_programs\hmm\hmm\hmm.cpp(775): warning C4244: 'argument' : conversion from '__int64' to 'unsigned int', possible loss of data
     1>d:\vs_10_programs\hmm\hmm\hmm.cpp(795): warning C4018: '<' : signed/unsigned mismatch
     1>d:\vs_10_programs\hmm\hmm\hmm.cpp(912): warning C4244: 'argument' : conversion from 'unsigned __int64' to 'unsigned int', possible loss of data
     1>d:\vs_10_programs\hmm\hmm\hmm.cpp(912): warning C4244: 'argument' : conversion from 'unsigned __int64' to 'unsigned int', possible loss of data
     1>d:\vs_10_programs\hmm\hmm\hmm.cpp(929): warning C4018: '<' : signed/unsigned mismatch
     1>d:\vs_10_programs\hmm\hmm\hmm.cpp(986): warning C4018: '<' : signed/unsigned mismatch
     1>d:\vs_10_programs\hmm\hmm\hmm.cpp(1010): warning C4018: '<' : signed/unsigned mismatch
     1>d:\vs_10_programs\hmm\hmm\hmm.cpp(1025): warning C4018: '<' : signed/unsigned mismatch
     1>d:\vs_10_programs\hmm\hmm\hmm.cpp(937): warning C4101: 'v' : unreferenced local variable
       ManifestResourceCompile:
         All outputs are up-to-date.
       Link:
         C:\Program Files (x86)\Microsoft Visual Studio 10.0\VC\bin\link.exe /ERRORREPORT:PROMPT /OUT:"D:\VS_10_Programs\HMM\Debug\HMM.exe" /INCREMENTAL /NOLOGO kernel32.lib user32.lib gdi32.lib winspool.lib comdlg32.lib advapi32.lib shell32.lib ole32.lib oleaut32.lib uuid.lib odbc32.lib odbccp32.lib /MANIFEST /ManifestFile:"Debug\HMM.exe.intermediate.manifest" /MANIFESTUAC:"level='asInvoker' uiAccess='false'" /DEBUG /PDB:"D:\VS_10_Programs\HMM\Debug\HMM.pdb" /SUBSYSTEM:CONSOLE /TLBID:1 /DYNAMICBASE /NXCOMPAT /IMPLIB:"D:\VS_10_Programs\HMM\Debug\HMM.lib" /MACHINE:X86 Debug\HMM.exe.embed.manifest.res
         Debug\HMM.obj
         Debug\stdafx.obj
         LINK : D:\VS_10_Programs\HMM\Debug\HMM.exe not found or not built by the last incremental link; performing full link
       Manifest:
         C:\Program Files (x86)\Microsoft SDKs\Windows\v7.0A\bin\mt.exe /nologo /verbose /out:"Debug\HMM.exe.embed.manifest" /manifest Debug\HMM.exe.intermediate.manifest
         All outputs are up-to-date.
       LinkEmbedManifest:
         All outputs are up-to-date.
         HMM.vcxproj -> D:\VS_10_Programs\HMM\Debug\HMM.exe
       FinalizeBuildStatus:
         Deleting file "Debug\HMM.unsuccessfulbuild".
         Touching "Debug\HMM.lastbuildstate".
     1>Done Building Project "D:\VS_10_Programs\HMM\HMM\HMM.vcxproj" (build target(s)).

Build succeeded.

Time Elapsed 00:00:01.49
